{"name":"BeforeTest","status":"broken","statusDetails":{"known":false,"muted":false,"flaky":false,"message":"Unable to create a new remote session. Please check the server log for more details. Original error: An unknown server-side error occurred while processing the command. Original error: The desired capabilities must include either an app or a bundleId for iOS\nBuild info: version: '3.141.59', revision: 'e82be7d358', time: '2018-11-14T08:17:03'\nSystem info: host: 'TTB-C02G7DPEQ05D', ip: 'fe80:0:0:0:14e4:a6f6:36f2:fd09%en0', os.name: 'Mac OS X', os.arch: 'aarch64', os.version: '12.1', java.version: '17.0.1'\nDriver info: driver.version: IOSDriver\nremote stacktrace: UnknownError: An unknown server-side error occurred while processing the command. Original error: The desired capabilities must include either an app or a bundleId for iOS\n    at getResponseForW3CError (/Applications/Appium Server GUI.app/Contents/Resources/app/node_modules/appium/node_modules/appium-base-driver/lib/protocol/errors.js:804:9)\n    at asyncHandler (/Applications/Appium Server GUI.app/Contents/Resources/app/node_modules/appium/node_modules/appium-base-driver/lib/protocol/protocol.js:380:37)\nBuild info: version: '3.141.59', revision: 'e82be7d358', time: '2018-11-14T08:17:03'\nSystem info: host: 'TTB-C02G7DPEQ05D', ip: 'fe80:0:0:0:14e4:a6f6:36f2:fd09%en0', os.name: 'Mac OS X', os.arch: 'aarch64', os.version: '12.1', java.version: '17.0.1'\nDriver info: driver.version: IOSDriver","trace":"org.openqa.selenium.SessionNotCreatedException: Unable to create a new remote session. Please check the server log for more details. Original error: An unknown server-side error occurred while processing the command. Original error: The desired capabilities must include either an app or a bundleId for iOS\nBuild info: version: '3.141.59', revision: 'e82be7d358', time: '2018-11-14T08:17:03'\nSystem info: host: 'TTB-C02G7DPEQ05D', ip: 'fe80:0:0:0:14e4:a6f6:36f2:fd09%en0', os.name: 'Mac OS X', os.arch: 'aarch64', os.version: '12.1', java.version: '17.0.1'\nDriver info: driver.version: IOSDriver\nremote stacktrace: UnknownError: An unknown server-side error occurred while processing the command. Original error: The desired capabilities must include either an app or a bundleId for iOS\n    at getResponseForW3CError (/Applications/Appium Server GUI.app/Contents/Resources/app/node_modules/appium/node_modules/appium-base-driver/lib/protocol/errors.js:804:9)\n    at asyncHandler (/Applications/Appium Server GUI.app/Contents/Resources/app/node_modules/appium/node_modules/appium-base-driver/lib/protocol/protocol.js:380:37)\nBuild info: version: '3.141.59', revision: 'e82be7d358', time: '2018-11-14T08:17:03'\nSystem info: host: 'TTB-C02G7DPEQ05D', ip: 'fe80:0:0:0:14e4:a6f6:36f2:fd09%en0', os.name: 'Mac OS X', os.arch: 'aarch64', os.version: '12.1', java.version: '17.0.1'\nDriver info: driver.version: IOSDriver\n\tat io.appium.java_client.remote.AppiumCommandExecutor$1.createSession(AppiumCommandExecutor.java:216)\n\tat io.appium.java_client.remote.AppiumCommandExecutor.createSession(AppiumCommandExecutor.java:225)\n\tat io.appium.java_client.remote.AppiumCommandExecutor.execute(AppiumCommandExecutor.java:247)\n\tat org.openqa.selenium.remote.RemoteWebDriver.execute(RemoteWebDriver.java:552)\n\tat io.appium.java_client.DefaultGenericMobileDriver.execute(DefaultGenericMobileDriver.java:41)\n\tat io.appium.java_client.AppiumDriver.execute(AppiumDriver.java:1)\n\tat io.appium.java_client.ios.IOSDriver.execute(IOSDriver.java:1)\n\tat org.openqa.selenium.remote.RemoteWebDriver.startSession(RemoteWebDriver.java:213)\n\tat io.appium.java_client.AppiumDriver.startSession(AppiumDriver.java:338)\n\tat org.openqa.selenium.remote.RemoteWebDriver.<init>(RemoteWebDriver.java:131)\n\tat io.appium.java_client.DefaultGenericMobileDriver.<init>(DefaultGenericMobileDriver.java:37)\n\tat io.appium.java_client.AppiumDriver.<init>(AppiumDriver.java:89)\n\tat io.appium.java_client.AppiumDriver.<init>(AppiumDriver.java:99)\n\tat io.appium.java_client.ios.IOSDriver.<init>(IOSDriver.java:90)\n\tat com.ttbbank.oneapp.framework.DriverFactory.createDriver(DriverFactory.java:67)\n\tat com.ttbbank.oneapp.framework.BaseScenario.initialContext(BaseScenario.java:685)\n\tat com.ttbbank.oneapp.runner.platform1.AccountSummaryCardIntroductionRunner.BeforeTest(AccountSummaryCardIntroductionRunner.java:12)\n\tat java.base/jdk.internal.reflect.NativeMethodAccessorImpl.invoke0(Native Method)\n\tat java.base/jdk.internal.reflect.NativeMethodAccessorImpl.invoke(NativeMethodAccessorImpl.java:77)\n\tat java.base/jdk.internal.reflect.DelegatingMethodAccessorImpl.invoke(DelegatingMethodAccessorImpl.java:43)\n\tat java.base/java.lang.reflect.Method.invoke(Method.java:568)\n\tat org.testng.internal.MethodInvocationHelper.invokeMethod(MethodInvocationHelper.java:132)\n\tat org.testng.internal.MethodInvocationHelper.invokeMethodConsideringTimeout(MethodInvocationHelper.java:61)\n\tat org.testng.internal.ConfigInvoker.invokeConfigurationMethod(ConfigInvoker.java:366)\n\tat org.testng.internal.ConfigInvoker.invokeConfigurations(ConfigInvoker.java:320)\n\tat org.testng.TestRunner.invokeTestConfigurations(TestRunner.java:617)\n\tat org.testng.TestRunner.beforeRun(TestRunner.java:607)\n\tat org.testng.TestRunner.run(TestRunner.java:578)\n\tat org.testng.SuiteRunner.runTest(SuiteRunner.java:384)\n\tat org.testng.SuiteRunner.runSequentially(SuiteRunner.java:378)\n\tat org.testng.SuiteRunner.privateRun(SuiteRunner.java:337)\n\tat org.testng.SuiteRunner.run(SuiteRunner.java:286)\n\tat org.testng.SuiteRunnerWorker.runSuite(SuiteRunnerWorker.java:53)\n\tat org.testng.SuiteRunnerWorker.run(SuiteRunnerWorker.java:96)\n\tat org.testng.TestNG.runSuitesSequentially(TestNG.java:1218)\n\tat org.testng.TestNG.runSuitesLocally(TestNG.java:1140)\n\tat org.testng.TestNG.runSuites(TestNG.java:1069)\n\tat org.testng.TestNG.run(TestNG.java:1037)\n\tat com.intellij.rt.testng.IDEARemoteTestNG.run(IDEARemoteTestNG.java:66)\n\tat com.intellij.rt.testng.RemoteTestNGStarter.main(RemoteTestNGStarter.java:109)\nCaused by: java.lang.reflect.InvocationTargetException\n\tat java.base/jdk.internal.reflect.NativeMethodAccessorImpl.invoke0(Native Method)\n\tat java.base/jdk.internal.reflect.NativeMethodAccessorImpl.invoke(NativeMethodAccessorImpl.java:77)\n\tat java.base/jdk.internal.reflect.DelegatingMethodAccessorImpl.invoke(DelegatingMethodAccessorImpl.java:43)\n\tat java.base/java.lang.reflect.Method.invoke(Method.java:568)\n\tat io.appium.java_client.remote.AppiumCommandExecutor$1.createSession(AppiumCommandExecutor.java:193)\n\t... 39 more\nCaused by: org.openqa.selenium.WebDriverException: An unknown server-side error occurred while processing the command. Original error: The desired capabilities must include either an app or a bundleId for iOS\nBuild info: version: '3.141.59', revision: 'e82be7d358', time: '2018-11-14T08:17:03'\nSystem info: host: 'TTB-C02G7DPEQ05D', ip: 'fe80:0:0:0:14e4:a6f6:36f2:fd09%en0', os.name: 'Mac OS X', os.arch: 'aarch64', os.version: '12.1', java.version: '17.0.1'\nDriver info: driver.version: IOSDriver\nremote stacktrace: UnknownError: An unknown server-side error occurred while processing the command. Original error: The desired capabilities must include either an app or a bundleId for iOS\n    at getResponseForW3CError (/Applications/Appium Server GUI.app/Contents/Resources/app/node_modules/appium/node_modules/appium-base-driver/lib/protocol/errors.js:804:9)\n    at asyncHandler (/Applications/Appium Server GUI.app/Contents/Resources/app/node_modules/appium/node_modules/appium-base-driver/lib/protocol/protocol.js:380:37)\n\tat java.base/jdk.internal.reflect.NativeConstructorAccessorImpl.newInstance0(Native Method)\n\tat java.base/jdk.internal.reflect.NativeConstructorAccessorImpl.newInstance(NativeConstructorAccessorImpl.java:77)\n\tat java.base/jdk.internal.reflect.DelegatingConstructorAccessorImpl.newInstance(DelegatingConstructorAccessorImpl.java:45)\n\tat java.base/java.lang.reflect.Constructor.newInstanceWithCaller(Constructor.java:499)\n\tat java.base/java.lang.reflect.Constructor.newInstance(Constructor.java:480)\n\tat org.openqa.selenium.remote.W3CHandshakeResponse.lambda$errorHandler$0(W3CHandshakeResponse.java:62)\n\tat org.openqa.selenium.remote.HandshakeResponse.lambda$getResponseFunction$0(HandshakeResponse.java:30)\n\tat org.openqa.selenium.remote.ProtocolHandshake.lambda$createSession$0(ProtocolHandshake.java:126)\n\tat java.base/java.util.stream.ReferencePipeline$3$1.accept(ReferencePipeline.java:197)\n\tat java.base/java.util.Spliterators$ArraySpliterator.tryAdvance(Spliterators.java:1002)\n\tat java.base/java.util.stream.ReferencePipeline.forEachWithCancel(ReferencePipeline.java:129)\n\tat java.base/java.util.stream.AbstractPipeline.copyIntoWithCancel(AbstractPipeline.java:527)\n\tat java.base/java.util.stream.AbstractPipeline.copyInto(AbstractPipeline.java:513)\n\tat java.base/java.util.stream.AbstractPipeline.wrapAndCopyInto(AbstractPipeline.java:499)\n\tat java.base/java.util.stream.FindOps$FindOp.evaluateSequential(FindOps.java:150)\n\tat java.base/java.util.stream.AbstractPipeline.evaluate(AbstractPipeline.java:234)\n\tat java.base/java.util.stream.ReferencePipeline.findFirst(ReferencePipeline.java:647)\n\tat org.openqa.selenium.remote.ProtocolHandshake.createSession(ProtocolHandshake.java:128)\n\t... 44 more\n"},"stage":"finished","steps":[],"attachments":[],"parameters":[{"name":"DeviceProfile","value":"null"}],"start":1640088544743,"stop":1640088544744,"uuid":"1036af3c-b63b-47be-8f83-9f41393797e4","historyId":"29315594244813741a7805714a09da06","fullName":"com.ttbbank.oneapp.runner.platform1.AccountSummaryCardIntroductionRunner.BeforeTest","labels":[{"name":"package","value":"com.ttbbank.oneapp.runner.platform1.AccountSummaryCardIntroductionRunner"},{"name":"testClass","value":"com.ttbbank.oneapp.runner.platform1.AccountSummaryCardIntroductionRunner"},{"name":"testMethod","value":"BeforeTest"},{"name":"parentSuite","value":"Default Suite"},{"name":"suite","value":"TMB-automation-testing"},{"name":"subSuite","value":"com.ttbbank.oneapp.runner.platform1.AccountSummaryCardIntroductionRunner"},{"name":"host","value":"TTB-C02G7DPEQ05D"},{"name":"thread","value":"39356@TTB-C02G7DPEQ05D.main(1)"},{"name":"framework","value":"testng"},{"name":"language","value":"java"},{"name":"AS_ID","value":"-1"}],"links":[]}