{"name":"testCustomerClickInsuranceIconShouldShowLoginBottomSheet","status":"broken","statusDetails":{"known":false,"muted":false,"flaky":false,"message":"Expected condition failed: waiting for com.ttbbank.oneapp.framework.TtbTestContext$$Lambda$382/526467111@73da6981 (tried for 60 second(s) with 100 milliseconds interval)","trace":"org.openqa.selenium.TimeoutException: Expected condition failed: waiting for com.ttbbank.oneapp.framework.TtbTestContext$$Lambda$382/526467111@73da6981 (tried for 60 second(s) with 100 milliseconds interval)\n\tat org.openqa.selenium.support.ui.WebDriverWait.timeoutException(WebDriverWait.java:95)\n\tat org.openqa.selenium.support.ui.FluentWait.until(FluentWait.java:272)\n\tat com.ttbbank.oneapp.framework.TtbTestContext.waitUntilVisible(TtbTestContext.java:100)\n\tat com.ttbbank.oneapp.framework.TtbTestContext.findElement(TtbTestContext.java:52)\n\tat com.ttbbank.oneapp.scenario.platform1.HomeQuickActionScenario.testCustomerClickInsuranceIconShouldShowLoginBottomSheet(HomeQuickActionScenario.java:341)\n\tat sun.reflect.NativeMethodAccessorImpl.invoke0(Native Method)\n\tat sun.reflect.NativeMethodAccessorImpl.invoke(NativeMethodAccessorImpl.java:62)\n\tat sun.reflect.DelegatingMethodAccessorImpl.invoke(DelegatingMethodAccessorImpl.java:43)\n\tat java.lang.reflect.Method.invoke(Method.java:498)\n\tat org.testng.internal.MethodInvocationHelper.invokeMethod(MethodInvocationHelper.java:132)\n\tat org.testng.internal.TestInvoker.invokeMethod(TestInvoker.java:599)\n\tat org.testng.internal.TestInvoker.invokeTestMethod(TestInvoker.java:174)\n\tat org.testng.internal.MethodRunner.runInSequence(MethodRunner.java:46)\n\tat org.testng.internal.TestInvoker$MethodInvocationAgent.invoke(TestInvoker.java:822)\n\tat org.testng.internal.TestInvoker.invokeTestMethods(TestInvoker.java:147)\n\tat org.testng.internal.TestMethodWorker.invokeTestMethods(TestMethodWorker.java:146)\n\tat org.testng.internal.TestMethodWorker.run(TestMethodWorker.java:128)\n\tat java.util.ArrayList.forEach(ArrayList.java:1259)\n\tat org.testng.TestRunner.privateRun(TestRunner.java:764)\n\tat org.testng.TestRunner.run(TestRunner.java:585)\n\tat org.testng.SuiteRunner.runTest(SuiteRunner.java:384)\n\tat org.testng.SuiteRunner.access$000(SuiteRunner.java:28)\n\tat org.testng.SuiteRunner$SuiteWorker.run(SuiteRunner.java:425)\n\tat org.testng.internal.thread.ThreadUtil.lambda$execute$0(ThreadUtil.java:66)\n\tat java.util.concurrent.FutureTask.run(FutureTask.java:266)\n\tat java.util.concurrent.ThreadPoolExecutor.runWorker(ThreadPoolExecutor.java:1149)\n\tat java.util.concurrent.ThreadPoolExecutor$Worker.run(ThreadPoolExecutor.java:624)\n\tat java.lang.Thread.run(Thread.java:748)\nCaused by: org.openqa.selenium.NoSuchElementException: An element could not be located on the page using the given search parameters.\nFor documentation on this error, please visit: https://www.seleniumhq.org/exceptions/no_such_element.html\nBuild info: version: '3.141.59', revision: 'e82be7d358', time: '2018-11-14T08:17:03'\nSystem info: host: 'TTB-C02G7DPEQ05D', ip: 'fe80:0:0:0:55:8ada:6ee9:a532%en0', os.name: 'Mac OS X', os.arch: 'x86_64', os.version: '10.16', java.version: '1.8.0_311'\nDriver info: io.appium.java_client.android.AndroidDriver\nCapabilities {Record: true, app: /Users/55109/Documents/git/..., appActivity: com.ttbbank.oneapp.presenta..., appPackage: com.ttbbank.oneapp.vit, chromeOptions: {w3c: false}, chromedriverExecutable: /Users/55109/Documents/git/..., citizenId: 1109900152023, databaseEnabled: false, desired: {Record: true, app: /Users/55109/Documents/git/..., appActivity: com.ttbbank.oneapp.presenta..., appPackage: com.ttbbank.oneapp.vit, chromeOptions: {w3c: false}, chromedriverExecutable: /Users/55109/Documents/git/..., citizenId: 1109900152023, deviceName: Pixel_3_API_29, env: vit, name: Untitle, noReset: true, platformName: android, platformVersion: 10, udid: emulator-5554}, deviceApiLevel: 29, deviceManufacturer: Google, deviceModel: Android SDK built for arm64, deviceName: emulator-5554, deviceScreenDensity: 440, deviceScreenSize: 1080x2160, deviceUDID: emulator-5554, env: vit, javascriptEnabled: true, locationContextEnabled: false, name: Untitle, networkConnectionEnabled: true, noReset: true, pixelRatio: 2.75, platform: LINUX, platformName: android, platformVersion: 10, statBarHeight: 66, takesScreenshot: true, udid: emulator-5554, viewportRect: {height: 1962, left: 0, top: 66, width: 1080}, warnings: {}, webStorageEnabled: false}\nSession ID: 354d987b-d8c5-4d03-9b09-9a1b9113bd5a\n*** Element info: {Using=xpath, value=/hierarchy/android.widget.FrameLayout/android.widget.LinearLayout/android.widget.FrameLayout/android.widget.LinearLayout/android.widget.FrameLayout/android.view.ViewGroup/android.widget.FrameLayout/android.widget.FrameLayout/android.view.ViewGroup/android.view.ViewGroup/androidx.viewpager.widget.ViewPager/androidx.recyclerview.widget.RecyclerView/android.widget.FrameLayout/android.widget.ScrollView/android.view.ViewGroup/android.view.ViewGroup[1]/android.view.ViewGroup/android.view.ViewGroup/android.widget.LinearLayout/android.widget.LinearLayout[2]/android.widget.LinearLayout[4]/android.widget.LinearLayout}\n\tat sun.reflect.GeneratedConstructorAccessor19.newInstance(Unknown Source)\n\tat sun.reflect.DelegatingConstructorAccessorImpl.newInstance(DelegatingConstructorAccessorImpl.java:45)\n\tat java.lang.reflect.Constructor.newInstance(Constructor.java:423)\n\tat org.openqa.selenium.remote.http.W3CHttpResponseCodec.createException(W3CHttpResponseCodec.java:187)\n\tat org.openqa.selenium.remote.http.W3CHttpResponseCodec.decode(W3CHttpResponseCodec.java:122)\n\tat org.openqa.selenium.remote.http.W3CHttpResponseCodec.decode(W3CHttpResponseCodec.java:49)\n\tat org.openqa.selenium.remote.HttpCommandExecutor.execute(HttpCommandExecutor.java:158)\n\tat io.appium.java_client.remote.AppiumCommandExecutor.execute(AppiumCommandExecutor.java:247)\n\tat org.openqa.selenium.remote.RemoteWebDriver.execute(RemoteWebDriver.java:552)\n\tat io.appium.java_client.DefaultGenericMobileDriver.execute(DefaultGenericMobileDriver.java:41)\n\tat io.appium.java_client.AppiumDriver.execute(AppiumDriver.java:1)\n\tat io.appium.java_client.android.AndroidDriver.execute(AndroidDriver.java:1)\n\tat org.openqa.selenium.remote.RemoteWebDriver.findElement(RemoteWebDriver.java:323)\n\tat io.appium.java_client.DefaultGenericMobileDriver.findElement(DefaultGenericMobileDriver.java:61)\n\tat io.appium.java_client.AppiumDriver.findElement(AppiumDriver.java:1)\n\tat io.appium.java_client.android.AndroidDriver.findElement(AndroidDriver.java:1)\n\tat org.openqa.selenium.remote.RemoteWebDriver.findElementByXPath(RemoteWebDriver.java:428)\n\tat io.appium.java_client.DefaultGenericMobileDriver.findElementByXPath(DefaultGenericMobileDriver.java:151)\n\tat io.appium.java_client.AppiumDriver.findElementByXPath(AppiumDriver.java:1)\n\tat io.appium.java_client.android.AndroidDriver.findElementByXPath(AndroidDriver.java:1)\n\tat org.openqa.selenium.By$ByXPath.findElement(By.java:353)\n\tat org.openqa.selenium.remote.RemoteWebDriver.findElement(RemoteWebDriver.java:315)\n\tat io.appium.java_client.DefaultGenericMobileDriver.findElement(DefaultGenericMobileDriver.java:57)\n\tat io.appium.java_client.AppiumDriver.findElement(AppiumDriver.java:1)\n\tat io.appium.java_client.android.AndroidDriver.findElement(AndroidDriver.java:1)\n\tat com.ttbbank.oneapp.framework.TtbTestContext.lambda$waitUntilVisible$0(TtbTestContext.java:97)\n\tat org.openqa.selenium.support.ui.FluentWait.until(FluentWait.java:249)\n\t... 26 more\n"},"stage":"finished","steps":[],"attachments":[],"parameters":[{"name":"DeviceProfile","value":"platform1-android"}],"start":1646637109619,"stop":1646637195962,"uuid":"f0d439dd-bf86-44b7-884b-242f0a25af24","historyId":"9a4d8c8fb4e8e2632276d56fa4541519","fullName":"com.ttbbank.oneapp.scenario.platform1.HomeQuickActionScenario.testCustomerClickInsuranceIconShouldShowLoginBottomSheet","labels":[{"name":"package","value":"com.ttbbank.oneapp.runner.platform1.HomeQuickActionRunner"},{"name":"testClass","value":"com.ttbbank.oneapp.runner.platform1.HomeQuickActionRunner"},{"name":"testMethod","value":"testCustomerClickInsuranceIconShouldShowLoginBottomSheet"},{"name":"parentSuite","value":"Automation-Testing"},{"name":"suite","value":"Android/iOS Home Quick Action"},{"name":"subSuite","value":"com.ttbbank.oneapp.runner.platform1.HomeQuickActionRunner"},{"name":"host","value":"TTB-C02G7DPEQ05D"},{"name":"thread","value":"27413@TTB-C02G7DPEQ05D.TestNG-tests-1(15)"},{"name":"framework","value":"testng"},{"name":"language","value":"java"}],"links":[]}